<?xml version="1.0" encoding="UTF-8"?>
<testng-results skipped="0" failed="0" ignored="0" total="4" passed="4">
  <reporter-output>
  </reporter-output>
  <suite name="Default suite" duration-ms="102375" started-at="2017-06-13T17:43:18Z" finished-at="2017-06-13T17:45:00Z">
    <groups>
    </groups>
    <test name="Default test" duration-ms="102375" started-at="2017-06-13T17:43:18Z" finished-at="2017-06-13T17:45:00Z">
      <class name="src.com.tests.Groups">
        <test-method status="PASS" signature="beforeClass()[pri:0, instance:src.com.tests.Groups@7d9d1a19]" name="beforeClass" is-config="true" duration-ms="12874" started-at="2017-06-13T23:13:18Z" finished-at="2017-06-13T23:13:31Z">
          <reporter-output>
          </reporter-output>
        </test-method> <!-- beforeClass -->
        <test-method status="PASS" signature="testLogin()[pri:0, instance:src.com.tests.Groups@7d9d1a19]" name="testLogin" duration-ms="2475" started-at="2017-06-13T23:13:31Z" finished-at="2017-06-13T23:13:33Z">
          <reporter-output>
          </reporter-output>
        </test-method> <!-- testLogin -->
        <test-method status="PASS" signature="testCreateGroup()[pri:1, instance:src.com.tests.Groups@7d9d1a19]" name="testCreateGroup" duration-ms="10592" started-at="2017-06-13T23:13:33Z" finished-at="2017-06-13T23:13:44Z">
          <reporter-output>
          </reporter-output>
        </test-method> <!-- testCreateGroup -->
        <test-method status="PASS" signature="testCreateStep()[pri:2, instance:src.com.tests.Groups@7d9d1a19]" name="testCreateStep" duration-ms="43460" started-at="2017-06-13T23:13:44Z" finished-at="2017-06-13T23:14:27Z">
          <reporter-output>
          </reporter-output>
        </test-method> <!-- testCreateStep -->
        <test-method status="PASS" signature="testAddResources()[pri:3, instance:src.com.tests.Groups@7d9d1a19]" name="testAddResources" duration-ms="32939" started-at="2017-06-13T23:14:27Z" finished-at="2017-06-13T23:15:00Z">
          <reporter-output>
          </reporter-output>
        </test-method> <!-- testAddResources -->
        <test-method status="PASS" signature="afterClass()[pri:0, instance:src.com.tests.Groups@7d9d1a19]" name="afterClass" is-config="true" duration-ms="0" started-at="2017-06-13T23:15:00Z" finished-at="2017-06-13T23:15:00Z">
          <reporter-output>
          </reporter-output>
        </test-method> <!-- afterClass -->
      </class> <!-- src.com.tests.Groups -->
    </test> <!-- Default test -->
  </suite> <!-- Default suite -->
</testng-results>
